<?xml version="1.0" encoding="UTF-8"?>
<!-- Generated by org.testng.reporters.JUnitReportReporter -->
<testsuite skipped="0" hostname="TVT-A-EC-0187" name="Tests.LoginTestsPFM" tests="1" failures="0" timestamp="24 Apr 2019 14:48:11 GMT" time="24.807" errors="0">
  <testcase name="Login" time="24.807" classname="Tests.LoginTestsPFM"/>
</testsuite> <!-- Tests.LoginTestsPFM -->
