<?xml version="1.0" encoding="UTF-8"?>
<!-- Generated by org.testng.reporters.JUnitReportReporter -->
<testsuite skipped="0" hostname="TVT-A-EC-0187" name="Tests.LoginTests" tests="1" failures="0" timestamp="24 Apr 2019 11:35:22 GMT" time="43.435" errors="0">
  <testcase name="Login" time="43.435" classname="Tests.LoginTests"/>
</testsuite> <!-- Tests.LoginTests -->
