<?xml version="1.0" encoding="UTF-8"?>
<!-- Generated by org.testng.reporters.JUnitReportReporter -->
<testsuite skipped="0" hostname="TVT-A-EC-0187" name="Tests.LoginTestsPOM" tests="1" failures="0" timestamp="24 Apr 2019 13:18:02 GMT" time="27.758" errors="0">
  <testcase name="Login" time="27.758" classname="Tests.LoginTestsPOM"/>
</testsuite> <!-- Tests.LoginTestsPOM -->
